0 info it worked if it ends with ok
1 verbose cli [ 'C:\\Program Files\\nodejs\\node.exe',
1 verbose cli   'C:\\Users\\axel\\AppData\\Roaming\\npm\\node_modules\\npm\\bin\\npm-cli.js',
1 verbose cli   'start' ]
2 info using npm@3.10.6
3 info using node@v8.8.1
4 verbose run-script [ 'prestart', 'start', 'poststart' ]
5 info lifecycle crm-2.0@1.0.0~prestart: crm-2.0@1.0.0
6 silly lifecycle crm-2.0@1.0.0~prestart: no script for prestart, continuing
7 info lifecycle crm-2.0@1.0.0~start: crm-2.0@1.0.0
8 verbose lifecycle crm-2.0@1.0.0~start: unsafe-perm in lifecycle true
9 verbose lifecycle crm-2.0@1.0.0~start: PATH: C:\Users\axel\AppData\Roaming\npm\node_modules\npm\bin\node-gyp-bin;C:\devel\crm-2.0\client\node_modules\.bin;C:\Program Files (x86)\Common Files\Oracle\Java\javapath;C:\ProgramData\Oracle\Java\javapath;C:\Program Files (x86)\gtk2\bin;C:\Program Files (x86)\mlt\bin;C:\Program Files (x86)\OpenLibraries\bin;C:\HaxeToolkit\haxe\;C:\HaxeToolkit\neko;C:\Program Files\php7;C:\Program Files\Git\cmd;C:\Program Files\Git\mingw64\bin;C:\Program Files\Git\usr\bin;C:\Windows\System32;C:\Windows;C:\Windows\System32\wbem;C:\Windows\System32\WindowsPowerShell\v1.0\;C:\Program Files (x86)\ATI Technologies\ATI.ACE\Core-Static;C:\Program Files\nodejs\;C:\WINDOWS\system32;C:\WINDOWS;C:\WINDOWS\System32\Wbem;C:\WINDOWS\System32\WindowsPowerShell\v1.0\;C:\WINDOWS\System32\OpenSSH\;C:\Program Files\Microsoft VS Code\bin;C:\ProgramData\Oracle\Java\javapath;C:\Program Files (x86)\ActiveState Komodo Edit 8 nightly\;C:\Program Files (x86)\ActiveState Komodo Edit 8\;C:\Program Files (x86)\PHP\;C:\Perl64\site\bin;C:\Perl64\bin;C:\Windows\system32;C:\Windows;C:\Windows\System32\Wbem;C:\Windows\System32\WindowsPowerShell\v1.0\;C:\Program Files (x86)\ATI Technologies\ATI.ACE\Core-Static;C:\Program Files (x86)\GnuWin32\bin;C:\Program Files\TortoiseSVN\bin;C:\HaxeToolkit\haxe\;C:\HaxeToolkit\neko;C:\Program Files\nodejs\;C:\Program Files (x86)\GtkSharp\2.12\bin;C:\ProgramData\chocolatey\bin;C:\Program Files\TortoiseGit\bin;C:\Program Files (x86)\Skype\Phone\;C:\devel\mozilla-sdk\addon-sdk-master\bin;C:\Python27\;C:\Program Files (x86)\Git\bin;C:\Users\axel\AppData\Local\Microsoft\WindowsApps;C:\Users\axel\AppData\Roaming\npm;C:\Users\axel\AppData\Local\Microsoft\WindowsApps;C:\Program Files\Microsoft VS Code\bin;C:\Users\axel\AppData\Local\atom\bin;C:\Users\axel\AppData\Local\.meteor\
10 verbose lifecycle crm-2.0@1.0.0~start: CWD: C:\devel\crm-2.0\client
11 silly lifecycle crm-2.0@1.0.0~start: Args: [ '/d /s /c', 'webpack-dev-server' ]
12 silly lifecycle crm-2.0@1.0.0~start: Returned: code: 1  signal: null
13 info lifecycle crm-2.0@1.0.0~start: Failed to exec start script
14 verbose stack Error: crm-2.0@1.0.0 start: `webpack-dev-server`
14 verbose stack Exit status 1
14 verbose stack     at EventEmitter.<anonymous> (C:\Users\axel\AppData\Roaming\npm\node_modules\npm\lib\utils\lifecycle.js:255:16)
14 verbose stack     at emitTwo (events.js:125:13)
14 verbose stack     at EventEmitter.emit (events.js:213:7)
14 verbose stack     at ChildProcess.<anonymous> (C:\Users\axel\AppData\Roaming\npm\node_modules\npm\lib\utils\spawn.js:40:14)
14 verbose stack     at emitTwo (events.js:125:13)
14 verbose stack     at ChildProcess.emit (events.js:213:7)
14 verbose stack     at maybeClose (internal/child_process.js:927:16)
14 verbose stack     at Process.ChildProcess._handle.onexit (internal/child_process.js:211:5)
15 verbose pkgid crm-2.0@1.0.0
16 verbose cwd C:\devel\crm-2.0\client
17 error Windows_NT 10.0.17134
18 error argv "C:\\Program Files\\nodejs\\node.exe" "C:\\Users\\axel\\AppData\\Roaming\\npm\\node_modules\\npm\\bin\\npm-cli.js" "start"
19 error node v8.8.1
20 error npm  v3.10.6
21 error code ELIFECYCLE
22 error crm-2.0@1.0.0 start: `webpack-dev-server`
22 error Exit status 1
23 error Failed at the crm-2.0@1.0.0 start script 'webpack-dev-server'.
23 error Make sure you have the latest version of node.js and npm installed.
23 error If you do, this is most likely a problem with the crm-2.0 package,
23 error not with npm itself.
23 error Tell the author that this fails on your system:
23 error     webpack-dev-server
23 error You can get information on how to open an issue for this project with:
23 error     npm bugs crm-2.0
23 error Or if that isn't available, you can get their info via:
23 error     npm owner ls crm-2.0
23 error There is likely additional logging output above.
24 verbose exit [ 1, true ]
