Arguments: 
  /usr/bin/node /usr/bin/yarn add bulma_crm

PATH: 
  /usr/local/bin:/usr/bin:/bin:/usr/local/games:/usr/games:/home/axel/.yarn-global/bin

Yarn version: 
  1.22.4

Node version: 
  11.15.0

Platform: 
  linux x64

Trace: 
  Error: https://registry.yarnpkg.com/bulma_crm: Not found
      at Request.params.callback [as _callback] (/usr/lib/node_modules/yarn/lib/cli.js:66987:18)
      at Request.self.callback (/usr/lib/node_modules/yarn/lib/cli.js:140748:22)
      at Request.emit (events.js:193:13)
      at Request.<anonymous> (/usr/lib/node_modules/yarn/lib/cli.js:141720:10)
      at Request.emit (events.js:193:13)
      at IncomingMessage.<anonymous> (/usr/lib/node_modules/yarn/lib/cli.js:141642:12)
      at Object.onceWrapper (events.js:281:20)
      at IncomingMessage.emit (events.js:198:15)
      at endReadableNT (_stream_readable.js:1139:12)
      at processTicksAndRejections (internal/process/task_queues.js:81:17)

npm manifest: 
  {
    "name": "bulma_crm",
    "version": "1.0.0",
    "main": "/opt/src/crm-2.0/client/webpack.config.js",
    "repository": "git@github.com:axelhuizinga/bulma.git",
    "author": "Jeremy Thomas",
    "license": "MIT"
  }

yarn manifest: 
  No manifest

Lockfile: 
  # THIS IS AN AUTOGENERATED FILE. DO NOT EDIT THIS FILE DIRECTLY.
  # yarn lockfile v1
